-1.8272391108443273
-0.23120440103074813
-0.19414723027430456
-0.08584500929658911
-0.23406342073684822
-0.20080035499455579
-0.07649770171044673
-0.2067857533337875
-0.20508856905507664
-0.08438265006021375
-0.21614932160563347
-0.2095739473628772
-0.23152400075917143
-0.2192148360459991
-0.224513846816341
-0.13610411509402467
-0.2136858097750559
-0.22398670049106298
0.015447505507821258
-0.2170489409294051
-0.23369374271692822
0.029730338552671782
-0.21654556815711618
-0.23494303150469206
0.1121902395484384
-0.2423869485430264
-0.2440573660790626
0.07392836650981266
-0.2344778442885462
-0.27132510238789515
0.03260183736631166
-0.23411537669681565
-0.27956302485736645
0.06820487271824195
-0.2411711263100821
-0.28868679127553093
0.02460241162007235
-0.24156724836208193
-0.2890868656280148
-0.059707404034159174
-0.2856356407438914
-0.3098165606042246
-0.07726056001303341
-0.27312178936567827
-0.3034230996041428
-0.15439991465334751
-0.31367872930654633
-0.2980588419972597
-0.17137434615139982
-0.26338399065935175
-0.28506073304672475
-0.13239816474565388
-0.23578791684483769
-0.27823482908101316
-0.11037790972896115
-0.21945312283635618
-0.270940637388329
-0.11231722428364603
-0.2097648733742338
-0.2638454253665983
-0.10422661793228419
-0.1989372103268674
-0.23739644755104058
-0.12316316209101329
-0.17569480446523902
-0.21334310444917895
-0.13649326269684725
-0.1303931795746179
-0.1370578192521078
0.07881489561544089
-0.1396621351450237
-0.14278478501892383
0.08671968915492889
-0.13486580092060957
-0.1515198404119468
0.1560608854103608
-0.14050211702552262
-0.15433071855740177
0.10670009060918548
-0.15340801841567808
-0.16751278583839263
0.15183368995238902
-0.16441128695777368
-0.16852183169296428
0.11552160559331907
-0.16785601195149147
-0.1715793290913287
0.06194017768596078
-0.16513843515435564
-0.17363395293335052
0.10826152280752913
-0.16044170780054096
-0.17841779352778186
0.08083727926191478
-0.1655956041304401
-0.19801522164830096
0.11308698940892718
-0.16539625069689684
-0.18520974737184062
0.02371506556333181
-0.15022100881132688
-0.18452612525781703
0.020200568758098694
-0.19168496314039338
-0.1867877664489368
0.08341959960741399
-0.1788095078236285
-0.19482816415161294
0.03676850729642532
-0.09782361174852469
-0.29605594610702757
-0.4410517549592114
-0.06537307975685361
-0.2791268206905746
-0.3140331465388303
-0.08175877660714179
-0.2762923171017972
-0.24612769312934718
-0.09472685448180278
-0.27843871290040345
-0.24262436154643743
-0.11919354867288158
-0.26896474444427876
-0.21230177710765655
-0.14829671403330627
-0.2567894455633892
-0.23923370985577444
-0.18067372782123212
-0.24236210269618694
-0.24054239541401656
-0.29379934217371745
-0.2607495353877359
-0.25908525673699134
-0.30364782272321156
-0.26491192408348346
-0.26264079454713046
-0.27923375298108366
-0.2799705610831471
-0.3390663456946738
-0.2960722998423744
-0.2859605279115923
-0.568841346543534
-0.30588432266855764
-0.30228315332060596
-0.6030742036212312
-0.3026793028968608
-0.29403571149539764
-0.5954759483530002
-0.3255402502430905
-0.3099897848765282
-0.5877247421878461
-0.31015333155532215
-0.32190687931963075
-0.512826173842635
-0.3371064912267483
-0.34886938168220644
-0.5463814687750468
-0.3620104009735343
-0.34326744818463995
-0.5848913964522199
-0.377186901145944
-0.3659319760194463
-0.6622222999425625
-0.36406799326332473
-0.37030898311238547
-0.26623149211082775
-0.3373282294675446
-0.3623089553839201
-0.3058514319651886
-0.3148751638136699
-0.3342995989677641
-0.3224999172181827
-0.29878645647660895
-0.32813751784946293
-0.38834156762383093
-0.2702722012131617
-0.31593452242927916
-0.3591750425692548
-0.25020767250888704
-0.3150276298029636
-0.2498071759552566
-0.21278820550626543
-0.29524223363161545
-0.24592287071474098
-0.23394532054806855
-0.28822366040996067
-0.2099591364632639
-0.22755049946062902
-0.2865035204279437
-0.2066710147607324
-0.24083958020505308
-0.29985916118885875
-0.21452527156829024
-0.44466083135886947
-0.4811191620238859
-0.3456347843105183
-0.4215382869087048
-0.47190964765417026
-0.33985574442021177
-0.38923361823456054
-0.46407769921347664
-0.3504688923764295
-0.38329259039532637
-0.45982802212825424
-0.3363610067087103
-0.37270676404586184
-0.4564152000525746
-0.3276377603403233
-0.36479184388270514
-0.4516311754931139
-0.20129688556230454
-0.3615718244945938
-0.4387959732060855
-0.19991858915446453
-0.3637882419602384
-0.42915464410769333
-0.12343227523772707
-0.36763707465257217
-0.4220000964253649
-0.12306600452284676
-0.36589558145908957
-0.4188218776052238
-0.13162980895278723
-0.3572987110389007
-0.41132965366962887
-0.06484686137252807
-0.35883398510228703
-0.4109620531457263
-0.15408409753375266
-0.3489643642424777
-0.4017013412244147
-0.07819706142905389
-0.344350705937737
-0.3930694011914435
-0.0727218981336109
-0.3393918557879976
-0.38968136712060925
-0.06870151113864069
-0.3306483998617731
-0.38968136712060925
-0.0842967019941453
-0.3286088906234847
-0.3700771226912765
-0.08401729694602324
-0.3198659407422092
-0.35812750441426405
-0.08954988407747215
-0.3182301668626455
-0.35590333285273823
-0.07233134610325033
-0.3007780942437948
-0.35590333285273823
-0.11049849944454303
-0.29853026374467634
-0.35590333285273823
-0.04105882391249087
-0.2891729836329596
-0.3416426343944471
-0.1063835690833411
-0.2766423560215428
-0.33255441689965665
-0.10350332968857962
-0.2774180405003084
-0.3248199340465406
-0.09863969776315284
-0.26381554127476775
-0.320144549789606
-0.03247306743588977
-0.26003872567075287
-0.3105132175078539
-0.08093936803774952
-0.2598963944881273
-0.3093216653182372
-0.038892180270022315
-0.25530776292015317
-0.29827505556433953
-0.04120778436369591
-0.2478490157310512
-0.2914349798091901
-0.031109932118708505
-0.23824580108857826
-0.28466060155402045
0.003413052670199289
-0.2326266259302739
-0.2776411779517222
-0.004295796311075256
-0.2331639156500547
-0.26647237450097355
0.07485424855886183
-0.22605071735621812
-0.2530237001339592
0.10961213558946464
-0.21543310083763223
-0.2434098179501765
0.08997989784742451
-0.2031130754042218
-0.22788102464154777
0.12522102141187116
-0.19126454678696567
-0.21671691404110097
0.09895087814948504
-0.40956298275680625
-0.49618967326003727
-0.5281574957290464
-0.40931668173015945
-0.4988309458033728
-0.5596514286842904
-0.42020807975769353
-0.516113319354039
-0.5351029556213431
-0.42671870732363315
-0.5096057528108879
-0.5327714860539469
-0.44106348240742826
-0.5021729375405497
-0.5421347737590994
-0.4399165986265934
-0.4981366362017694
-0.5692916784728629
-0.4516364252764004
-0.49664998524184817
-0.5563463518530675
-0.4906954612028232
-0.49785375985995833
-0.5167328924808189
-0.49353323190566484
-0.5018790412531023
-0.519697648662032
-0.4829995077430387
-0.4990350189168418
-0.5453612413587873
-0.4860929126283216
-0.5053960296245525
-0.5527727917127716
-0.4595439919689852
-0.5064961771873917
-0.572050659696508
-0.4454164520089344
-0.4995869770608013
-0.5649993418119589
-0.4526488254179525
-0.4979205009327359
-0.5707045630289045
-0.4244865503728088
-0.4987634760062952
-0.5100576156830847
-0.43148463422398603
-0.5075458294888383
-0.5209160255629639
-0.4506550196432507
-0.4987760210155224
-0.49485864079556235
-0.4708229557043627
-0.49840468538772315
-0.5041401695958995
-0.4789008078199394
-0.5058404711872698
-0.4570612256246931
-0.481471916041634
-0.4946577326193523
-0.43218373374924324
-0.46610737358799315
-0.4824683840948115
-0.4217028650636826
-0.4625576269391277
-0.4795829711145186
-0.4650737635616547
-0.45817669127445565
-0.4795829711145186
-0.4215291166721465
-0.4549273100964768
-0.48728574473496644
-0.38177851437006227
-0.42636796993285814
-0.4597986222952015
-0.3763363574537021
-0.4656914571105863
-0.46047150391136193
-0.39167193276226026
-0.43365931929790746
-0.45078780409255576
-0.4294691734428945
-0.4548722617601765
-0.4895274857914797
-0.40627669843456327
-0.4120697514370859
-0.3874595724710441
-0.034793887845696786
-0.42187205114888104
-0.3946650377483614
-0.05087973069847598
-0.42059920439605836
-0.40387820597901275
-0.05757126652669968
-0.42934558811677825
-0.4128724725146779
-0.043105327351035186
-0.42658453645811417
-0.4200162974483861
-0.045351470895662854
-0.4252246285390077
-0.4324460574656441
-0.053352910329703615
-0.4067349311482943
-0.4325408916516556
-0.04844095014476245
-0.41109530452335735
-0.44756671726702935
-0.08793092123708052
-0.4213306147602366
-0.4515864754407987
-0.24256400154902152
-0.424181677669239
-0.4574146306657541
-0.3587292740999066
-0.4185549586920834
-0.46888308645935184
-0.32886780968957674
-0.4216316081973234
-0.47452731450671526
-0.3864275742166238
-0.42253567766364003
-0.4891594505166638
-0.4669864886364227
-0.42930406618407135
-0.4891594505166638
-0.4693534020365667
-0.425205562725154
-0.49796593683831325
-0.4596499517324224
-0.4253533391382265
-0.501504292285013
-0.5207178748076617
-0.4305337678026601
-0.500967496553722
-0.5367831115734658
-0.43781563040514115
-0.5086925483482344
-0.574446527998709
-0.4362270127646489
-0.5205173246870302
-0.6130176337119317
-0.44871105596792893
-0.519063754700708
-0.6430723190532555
-0.453624888277342
-0.5287463784738377
-0.7244952411738514
-0.4380255845415746
-0.5363798097357304
-0.7007053744934153
-0.44713304682197874
-0.536953653317927
-0.708377412737126
-0.4583011848087869
-0.5469198925633064
-0.7122901672687952
-0.46439008840065826
-0.5519428237713797
-0.7476977964023757
-0.46122798422869626
-0.5604611200721927
-0.7634921889248878
-0.4582931838575536
-0.5621575808491517
-0.7798285732725787
-0.45006063319408907
-0.5875069788903244
-0.8271997511775665
-0.4512131287381912
-0.5842201632379338
-0.8361515570606236
-0.46271475081141383
-0.6020235236824398
-0.8537867613572014
-0.44656895013398595
-0.6023567354336655
-0.8721475327508048
-0.46168158795453784
-0.6066265166795264
-0.9330803206418787
-0.4598490745630653
-0.6061200945337675
-0.7686182079882513
-0.44869777491440477
-0.6030701971259713
-0.6000496399899179
-0.44079197738610665
-0.6106562671394961
-0.6208876762058126
-0.4303455901435199
-0.6080097644848527
-0.6374513733872056
-0.41705998262667954
-0.6111437517068168
-0.622526550138639
-0.4552048907472194
-0.6121003121572927
-0.5671622354607909
-0.42864914010740185
-0.6181491519175227
-0.5563885769376133
-0.41532309355804803
-0.6235298112901535
-0.5103912430191273
-0.3958900966215603
-0.5909552681960911
-0.5053186677280342
-0.3930099300005481
-0.5783200937109849
-0.5714928911663801
-0.36163022349514984
-0.5791561955881139
-0.5228972183586226
-0.35569785843341517
-0.5773764430122892
-0.5526388525977244
-0.405544817513302
-0.5534975453108754
-0.52860648624097
-0.38788898648456094
-0.5414788481490261
-0.48934710347443294
-0.35946672337807495
-0.5398241063710166
-0.5068677763197148
-0.3456753182728517
-0.5305419361278391
-0.42293374557302427
-0.32998874109308357
-0.5299706138488425
-0.436062922730444
-0.3373154327402599
-0.5259528522566989
-0.3924954506041159
-0.3241884678504581
-0.5133412625025325
-0.39200673786319656
-0.3127956704721952
-0.5124306097237094
-0.3674967396148671
-0.30960899651202095
-0.5030630719479046
-0.3627044552609605
-0.2981724402309187
-0.5000108435938476
-0.3822638624066495
-0.29131862471550235
-0.49825761032201193
-0.3364409958394718
-0.285244759982271
-0.48593440826239465
-0.3362726332778707
-0.28735444055113163
-0.4801397286300636
-0.31544653588193183
-0.28739961010801396
-0.4746699853855281
-0.3005032889459643
-0.29040044198531056
-0.4653640092726991
-0.2809518438346023
-0.2758126648528951
-0.4457009125878517
-0.3001247488672205
-0.2771910658082453
-0.42916172422724624
-0.2881060864280877
-0.28067576580809667
-0.41465281400944254
-0.2735126601713081
-0.26287164226627213
-0.3992041738227784
-0.30553861993695014
-0.2566441315557595
-0.3925184848138781
-0.2996618048108316
-0.11347817916772057
-0.12829952994526803
0.03010969361350585
-0.27096269745516777
-0.2542878825456612
-0.3158039564390518
-0.405738251182846
-0.37210285010940125
-0.08178357352608415
-0.41196576189335854
-0.3787885391183015
-0.08766038865220274
-0.0995930534178088
-0.11850688530169756
0.08210433817852264
-0.13706142038020838
-0.3147614120547864
-0.5354224514182747
-0.2916198845932865
-0.24134719063838028
-0.3300579686170893
-0.21403268155512348
-0.18966832460262098
-0.19175142686627214
-0.40020634486544165
-0.48585959238649273
-0.614716888246928
-0.392797228596223
-0.3256061113443278
-0.08719744459581386
-0.3914188276408728
-0.34214529970493335
-0.09921610703494671
-0.3879341276410215
-0.35665420992273705
-0.1138095332917264
-0.20610881983727852
-0.1642842836646122
-0.22279815868216105
-0.3782094514638075
-0.3059430146594804
-0.10637034962843196
-0.08512754196439955
-0.09091700916854656
-0.006271881512259017
-0.17324908136568104
-0.3716681467590239
-0.586561445773682
-0.4017817224435694
-0.4837327605810697
-0.667227959896303
-0.3753246044359427
-0.295496140229058
-0.08681890451706983
-0.3154002556164669
-0.22702431309602525
-0.3260797440735746
-0.21746695885321224
-0.15892421929974554
-0.1735815475313236
-0.36908595575754155
-0.272048991468129
-0.04291831141749139
-0.37478577477990715
-0.28498341530187016
-0.06812240500323416
-0.07684682317279334
-0.07475641020185551
0.05339528343212872
-0.24727823125020598
-0.38127868508025975
-0.6151234046066973
-0.30937156825800083
-0.20564641644813672
-0.2753845324937301
-0.42033044252949947
-0.48569225183522713
-0.6427050295645953
-0.3515832659204112
-0.245775556875984
0.009651191753784216
-0.35546930031430235
-0.2597257894085117
-0.03747179237182935
-0.26483837452263476
-0.3848004950179068
-0.7670013298595233
-0.41294472674936633
-0.48217347165420027
-0.684064589342355
-0.06403242872867979
-0.06347172733207823
0.05675773827387984
-0.27946935861594185
-0.38757775402070777
-0.9508888668920672
-0.3125842739518144
-0.2043781175011984
-0.26207201646553
-0.19663284631282676
-0.13827350330410054
-0.10356330991610418
-0.41779618973403165
-0.48840410141777485
-0.6753126975385373
-0.3310228890642643
-0.22564114643068603
0.04113158112955416
-0.33655113262941544
-0.23165781021341958
0.016104258774222925
-0.3420539788233309
-0.24196106662478922
0.0022324386207822726
-0.28282219400516395
-0.36348722464830313
-0.862814169699501
-0.2857767697995715
-0.37180220897646904
-0.8745934327230637
-0.1892576507016777
-0.13587263707856462
-0.09248741741518567
-0.4200235367112726
-0.4768477073965063
-0.5678689298688211
-0.42390856126140325
-0.4817282676355566
-0.601500859828793
-0.31583247382294605
-0.2089686938220423
0.04465717814070056
-0.054761149558024864
-0.051340667757636876
0.0924513180676269
-0.2816138949707251
-0.34736833440085607
-0.8251480087445475
-0.29493255078115693
-0.1769948810494332
-0.21182534426095945
-0.4166058963629415
-0.47007332914133665
-0.5177764279298814
-0.308312317492786
-0.18991517204874825
0.09261148599023847
-0.3185393812605952
-0.1973111370257294
0.09281117953540549
-0.269735102435734
-0.34017071665527
-0.8518391106717804
-0.40963288951733134
-0.47303196836784006
-0.5079853861790913
-0.28112949117180086
-0.3201965959493135
-0.6020379945170118
-0.27179754430947606
-0.33045315099992056
-0.7733546187645634
-0.1736588497526689
-0.10952353235597839
0.0002682568718047791
-0.4085711677783652
-0.46079380642432577
-0.41529315511648823
-0.4087134989609908
-0.46198535861394247
-0.5103009902727648
-0.2948975297624183
-0.1773580012319017
0.18216791383137632
-0.041043252376628536
-0.04132428974916712
0.15748622209313642
-0.286464813839627
-0.30006663502885184
-0.5001044757447781
-0.25277724607900237
-0.14701421265813128
-0.030472989794060695
-0.40479435217435034
-0.4511624741425736
-0.45632871481254117
-0.2574479147762036
-0.15322360784227976
0.2345694965050633
-0.27120007440701477
-0.16865512707980881
0.1855525754235927
-0.29020602482144053
-0.2668203867269049
-0.23918878669215102
-0.28556249339398404
-0.2896612724467201
-0.24155218827002864
-0.39196753742757534
-0.438752607032523
-0.38662148832446547
-0.39119185294880976
-0.446487089885639
-0.39016208448527806
-0.291825774223064
-0.22363841440323587
-0.2923569929783871
-0.29848758272563797
-0.25048900917303346
-0.23274276453304238
-0.3700796297044416
-0.4154036910794413
-0.45729991731546193
-0.3794369098161583
-0.4296643895377325
-0.395911306647027
-0.032569574673391916
-0.02919776234838041
0.17504653885324012
-0.29019706247154314
-0.20457913106051162
-0.18581315134741805
-0.14986820598981335
-0.08741833506792535
0.03398256536040951
-0.3678317992053233
-0.4154036910794413
-0.38208982236109873
-0.22420349407112564
-0.11528377169705295
0.24238674361058454
-0.24234777302989352
-0.12990346272275988
0.27603142043292284
-0.2725187039007355
-0.16818608288134143
-0.11761925584174543
-0.27862247714150895
-0.1849693792066563
-0.17159807008407332
-0.348743952706909
-0.4131795195179155
-0.37473808572765144
-0.3503797265864727
-0.4154036910794413
-0.3957218416398996
-0.23015682203038618
-0.12733083733064174
-0.02733942461741776
-0.2637782317025703
-0.14597046926809254
-0.07386346203180642
-0.3379614935873452
-0.38162565681157024
-0.3584312694167635
-0.34000100282563356
-0.40122990124090313
-0.3775282200165964
-0.1916339193977337
-0.08608600934867253
0.010364468604820916
-0.3292180376611207
-0.38162565681157024
-0.3755964184769179
-0.17549273426459766
-0.32205688607880195
-0.5628191461044806
-0.12968745281415597
-0.3137132506859289
-0.43313068300609403
-0.08850843412947151
-0.27573309598397144
-0.3684973037052752
-0.3196455292066406
-0.3696056827077648
-0.3612152928391855
-0.3242591875113813
-0.378237622740736
-0.3739986860867775
-0.2124535734371708
-0.32279371057629913
-0.9403524054690472
-0.20752664860432288
-0.3143834058504405
-0.6246520516099906
-0.31131118241021755
-0.35997737026255067
-0.3595964159961951
-0.30977590834683116
-0.3603449707864532
-0.2667617744020545
-0.21558278890554336
-0.3161818765024294
-0.8598015885438787
-0.30271431199002863
-0.35248514632695566
-0.28595848263076434
-0.22148001638445847
-0.3014367782310383
-0.8128956140418547
-0.2220031398576319
-0.3078854576923173
-0.8298311271041445
-0.3048216514888798
-0.3421523798244862
-0.26388991822530744
-0.300972818796546
-0.3493069275068146
-0.28114777074685127
-0.2191780718352439
-0.28682358197010194
-0.642747972264604
-0.0742102571780139
-0.24342000615176657
-0.3179727573230325
-0.3070380689545244
-0.33251105072609416
-0.18740360430856995
-0.20332084161764097
-0.2646456037003228
-0.3308823735423971
-0.2116675293631707
-0.2775175917939501
-0.5361653803154829
-0.29590312940325625
-0.3148918238796053
-0.05968443312271167
-0.30381804956641306
-0.3196758484390659
-0.18602530790073002
-0.20803235606360546
-0.24784068330287695
-0.127205273340734
-0.2853173030537918
-0.3114790018039256
-0.05096118675432479
-0.19994917781450677
-0.22745232259657885
0.03594169991545175
-0.06660475043373164
-0.244909880802118
-0.3036647579847895
-0.27937627521455755
-0.30722932471870323
-0.03685330108660556
-0.19528216737993
-0.21207211752012214
0.033392374359411746
-0.24707160654041319
-0.29939737627800966
-0.04746644904282338
-0.1808653504063378
-0.19331234219673946
0.051051121450892176
-0.07700775362735716
-0.23419578064269667
-0.25711882988590534
-0.22394906209024884
-0.290187861908294
-0.04168740915251687
-0.17390144608589794
-0.16698588532011605
0.09237083450122571
-0.21373763168894172
-0.2785665927367281
-0.0007984456320895526
-0.17210063162652894
-0.13750581749550742
0.11415558033087858
-0.18301759808590568
-0.2704252663142849
0.004069075147685636
-0.0718655018791459
-0.22731697293368314
-0.22412377155582558
-0.07763473673377966
-0.21082456001892994
-0.19627667101368024
0.0006335366311022873
-0.14761679432709504
-0.15157154476558532
-0.1509854602732268
-0.26074156649547864
-0.04904094415200497
-0.010916966459376575
-0.13291944881877743
-0.11008650518319305
-0.07825385548137713
-0.1917652766762057
-0.16494292433707433
0.014915681524173751
-0.15676958894689985
-0.17173731804718229
-0.03983618560304336
-0.11158070741661198
-0.09316928013331535
-0.13050545098633032
-0.2569036991927869
-0.08693210126535855
-0.043083711683910626
-0.09687551971155446
-0.09273853060340911
-0.08094932709051983
-0.17917538036469927
-0.1631685421139844
-0.19689611902910542
-0.23710422447222246
-0.2576476357438278
-0.25654014201203207
-0.3838474514611356
-0.35252830561733756
-0.24673784230023718
-0.3766419861838182
-0.3364424627645586
-0.10176151260613438
-0.17193222030561825
-0.14743270163231412
-0.2480106890530597
-0.3674288179531669
-0.32975092693633495
-0.05178943916048313
-0.08732525875788749
-0.08085882340223523
-0.18988540918245322
-0.23696711716961882
-0.25705685411490153
-0.2392643053323401
-0.3584345514175018
-0.3442168661119994
-0.24202535699100414
-0.3512907264837937
-0.34197072256737165
-0.07942709740005072
-0.07977700212212438
-0.07279500100205728
-0.1056293595548254
-0.15682581743891905
-0.14860989621524917
-0.24338526491011064
-0.33886096646653574
-0.33396928313333113
-0.261874962300824
-0.3387661322805242
-0.3388812433182722
-0.2037657547619548
-0.21906445783369466
-0.24721895138684893
-0.25751458892576096
-0.3237403066651504
-0.3403153279486886
-0.07728494699018632
-0.06363831850104865
-0.06566674021384009
-0.11832953833472314
-0.15109583911372182
-0.13929365696131019
-0.2472792786888819
-0.31972054849138104
-0.3278276098075611
-0.24442821577987942
-0.31389239326642565
-0.31951168154279436
-0.12744167660656422
-0.14059721047501234
-0.13109653046946917
-0.19002061278594698
-0.2194355017129601
-0.2458832921546579
-0.250054934757035
-0.302423937472828
-0.32040623075887803
-0.24697828525179502
-0.2967797094254645
-0.3187359891164044
-0.2134564303281216
-0.2869719317495812
-0.25978977501392847
-0.1874748661718566
-0.2711092926596143
-0.2633580427097643
-0.09258228778561542
-0.05024622017928244
-0.05828315574291812
-0.13090431505204236
-0.13153220761402187
-0.13864460556883432
-0.15365966930042707
-0.20421302386678555
-0.24737643183174124
-0.24607421578547833
-0.28214757341551594
-0.3163590865694661
-0.23930582726504662
-0.28214757341551594
-0.31872348100947245
-0.23739269112449168
-0.2733410870938664
-0.31872348100947245
-0.18244786490077278
-0.25898913015839975
-0.26608624231621497
-0.09215052020324242
-0.042158256645115764
-0.05449407982255586
-0.23724491471141898
-0.26804963245127106
-0.307209137693617
-0.16714326878969263
-0.2502540747653768
-0.25384494132895447
-0.15349192799986253
-0.23190135323623332
-0.25807593082654817
-0.1450943945081766
-0.2258913758061552
-0.2527150578710613
-0.1289179639914404
-0.12903923402615416
-0.1282266837970019
-0.13175732602191634
-0.2017292478789876
-0.23482220435316
-0.22709630255630106
-0.2665175096920417
-0.2958757527150877
-0.2198144399538199
-0.2587924578975293
-0.29112885027202384
-0.1385112439657162
-0.20303331199863658
-0.25013304772698175
-0.22140305759431217
-0.2469676815587334
-0.2906675945073931
-0.12401217830205931
-0.11888297705406466
-0.1282266837970019
-0.11612875208470484
-0.18410869836979166
-0.23193479769281178
-0.2089190143910321
-0.24842125154505562
-0.2958454785041738
-0.20400518208161914
-0.23873862777192592
-0.2868296936838203
-0.13254512605552662
-0.19214269411248064
-0.23555324258417487
-0.21091857766926345
-0.2287587221343951
-0.28082822826580356
-0.0946674875792064
-0.16675473243143446
-0.2169480040771644
-0.2018111153888592
-0.2242515063590227
-0.2732815416810297
-0.12146517549542929
-0.10325861849297334
-0.11398120889426046
-0.190642977402051
-0.21186423473162325
-0.26239996209976235
-0.14624917644692478
-0.19549659764754862
-0.18231822530402084
-0.1377559053552846
-0.18203514902761658
-0.18535938691808188
-0.12894974035415813
-0.16862470937765908
-0.18853395284625094
-0.11953660864523025
-0.15618249895045194
-0.18763945864693515
-0.10648837607244914
-0.1418088794798444
-0.1800788754406381
-0.09089647596237939
-0.12975322387137508
-0.16290216647502193
-0.21279985606454024
-0.17748562810108348
-0.0014825715322047083
-0.16412556099207515
-0.19396435404292045
0.03522900576178853
-0.18323374639530704
-0.16145051958492318
-0.010828684449197618
-0.15760878757181335
-0.18131445675000799
0.028207821761520386
-0.1900184676952099
-0.09989793515424289
-0.00913179901797373
-0.19394803172281078
-0.10681412588493505
0.2904583791273727
-0.022796740706555747
-0.021939105552697066
0.1140847975806505
-0.12079730074473356
-0.06686863383440722
0.019656046732364124
-0.16358289696244657
-0.06505927365862728
0.25861823542014
-0.18656552202149768
-0.09727526627532876
0.22748501837526586
-0.1407861562558908
-0.043120168105930196
0.08513504708213605
-0.1458711967830708
-0.04086436864458218
-0.0019644095255858785
-0.14980076081067167
-0.04635753757185853
0.3013646531155083
-0.145421132510504
-0.10013411024588705
0.08480521678182364
-0.15161899690432906
-0.11312477216838358
0.10253060061358027
-0.1265748231212684
-0.07309605674347777
0.10874526384893314
-0.10194611082271167
-0.23251289162852198
-0.09144456949041933
0.02618905726127551
-0.1640600421601506
-0.2357490884147241
0.02462871229855675
-0.15941683488504416
-0.20018983333935245
-0.09504962274847381
-0.22749503450154035
-0.05936367645867474
0.008823178810611218
-0.18500990684670582
-0.2682348117805305
-0.08365638822946893
-0.22749503450154035
-0.04841773310185181
-0.0152803520404724
-0.18764371582453915
-0.3036182720968132
-0.08010664158060363
-0.22292300130908013
-0.09578930045391117
-0.0546025391468586
-0.19714965638324422
-0.40376626853104297
-0.06474209912696272
-0.20787220632371628
-0.09638996887181234
-0.0653828380552712
-0.1877055836369821
-0.5121968293570891
-0.0673132073486574
-0.1966894677557988
-0.08253472473655007
-0.08289181362859593
-0.04393436956009677
-0.040534546780411435
-0.07837345161373681
-0.0366160280219144
-0.045274985681628466
-0.07400149544822976
-0.03338852404978805
-0.04057201226175712
-0.07471241175895751
-0.1461535511693819
-0.22188174225017515
-0.18455407381017994
-0.20684130352354987
-0.2574526562039082
-0.18422223532605428
-0.19832300722273688
-0.2546353813262278
-0.07144005620566286
-0.028270324059817047
-0.03618550464190977
-0.11890168159506477
-0.09982419440385772
-0.10706371151304031
-0.18715703569719677
-0.196626546445778
-0.24287267877418783
-0.18817162081468
-0.16800670259833084
-0.22986707868470088
-0.1105525783619501
-0.17345277947376178
-0.21688064394215095
-0.11673156460901712
-0.13973637853851387
-0.19368157404279107
-0.061760921885455025
-0.13551130321617694
-0.18169143249985512
-0.18507831360644897
-0.16474311670390218
-0.21871226681959116
-0.10803379844190233
-0.12134057478158777
-0.17685038946618112
-0.10993794404121317
-0.08090363578874357
-0.09690485246828927
-0.1735766915332269
-0.14693975625939623
-0.20838788221160537
-0.1759408131621133
-0.14693975625939623
-0.20838788221160537
-0.052970678725616255
-0.11021731422912567
-0.16143742901868588
-0.16082817534156169
-0.13941923755290997
-0.2035438689367814
-0.07999300377955973
-0.11985565071786124
-0.15860300988681827
-0.06917780190662166
-0.10860561623864992
-0.1484187532055018
-0.06825535410213192
-0.09680235204192034
-0.13580896726114744
-0.14931299797261205
-0.14959372645772145
-0.04014747019068887
-0.14994703674562176
-0.16403208319934187
0.038000742206015035
-0.14200788463747147
-0.13871898582161
-0.05968260197064884
-0.13239575007301305
-0.13035295243754477
-0.05643644835955572
-0.1540902263036009
-0.15892397768823552
0.047238316011589815
-0.14845478957410424
-0.15892397768823552
0.08205585954081684
-0.11774621987156358
-0.1203960627233134
-0.02933825589660303
-0.14573374385373553
-0.15530905788723964
0.09100183706933632
-0.10328031883954708
-0.10786331240835402
-0.04462830055868428
-0.09571473007038471
-0.10082203361898229
-0.059604122760227925
-0.13975378206332117
-0.15526447460771123
0.09794911301984272
-0.13821025559565417
-0.1430363340524717
0.08414293200913153
-0.104816964509448
-0.08455109810200744
-0.06437504049555323
-0.1365329464208243
-0.13508433999075067
0.08862983490975351
-0.09763928703516682
-0.08455109810200744
-0.07255754860492285
-0.13611607867017955
-0.13508433999075067
0.07813525764971506
-0.0970574152028359
-0.07199332560958799
-0.06105891609133658
-0.1382196052839674
-0.12872332928304006
0.07846717798727533
-0.04116219008113151
-0.056730003673452045
0.13952609407861197
-0.04013379848222525
-0.05251688378874775
0.1419063530872485
-0.14831119956797764
-0.11945632318719829
0.08402332642240067
-0.03847679163501276
-0.05053324188874324
0.150692806254638
-0.03171598191137632
-0.05053324188874324
0.15300487540530677
-0.03667544490673892
-0.04843391571606609
0.15886842160437775
-0.14584197503464427
-0.10672003704737071
0.1108830007199049
-0.042495525525269424
-0.04221430043348942
0.14374705476935945
-0.03647346322377407
-0.04740116219935726
0.14257741357852696
-0.02798752398217193
-0.03491299516392631
0.12034009296593941
-0.016059039501091183
-0.02857102525069079
0.1384923079003723
-0.015848438952170446
-0.020204991866625582
0.10686784877862908
-0.013100531437351072
-0.017556626493703043
0.08769200309963036
-0.008763834685174547
-0.011723265472857812
0.06224350220646692
-0.004670668697201226
-0.005012369657691238
0.07336403004534692
-0.003929564027600847
-0.0069161907306921405
0.09830741446640562
-0.09667196258057714
-0.03706745533030977
-0.0011625390353297413
-0.10743311767297947
-0.042917352227162406
0.30621376062390104
-0.015149535900182389
-0.016745551204368814
0.08498150891823145
-0.08246403208133493
-0.03500024715763498
0.05112047963913791
-0.08639359610893578
-0.040493416084911325
0.3805084843809253
-0.09559276761416356
-0.040493416084911325
0.36467857315155056
-0.07052466987321523
-0.027437201541844567
-0.04359083002084907
-0.07595942419343146
-0.033287098438697205
0.3860712745996894
-0.015149535900182389
-0.013498190575931018
-0.048030199800912554
-0.04900591100113658
-0.02528311892638607
0.16023951220162133
-0.05293547502873743
-0.030443076102436722
0.5281400859700905
-0.06754654728758076
-0.033287098438697205
0.3665560945676374
-0.015149535900182389
-0.01042605403067455
0.04379865537541067
-0.04066537583280209
-0.022255395139151056
0.31951955936535
-0.046100130153018316
-0.02201053223911771
0.6932132214993763
-0.046100130153018316
-0.025261269699743214
0.7493019961156266
-0.02838888707687623
-0.01992271160832353
0.3724810218218195
-0.02688369678426085
-0.0199972696147054
0.27172418815651317
-0.03231845110447708
-0.02234374399034341
0.6675416304171807
-0.03231845110447708
-0.02234374399034341
0.6748524501057729
-0.014686172561525945
-0.007760396678814736
0.029449927723691934
-0.030377639440348485
-0.015793342443524098
0.6697446363992335
-0.03095059425283592
-0.011584478208443159
0.6122934822182774
-0.05239701138739837
-0.01978890786276619
0.3810626158957774
-0.08044323171398117
-0.023747864880542518
0.22760690342811454
-0.12123868000974941
-0.06343499234138969
0.17638541195604923
-0.06576822127676407
-0.03040663244092153
0.20782897164290176
-0.09247956704008013
-0.042485127654834524
0.21981707867867856
-0.06705807580032533
-0.17633597127326792
-0.4121752440320188
-0.06528542682271657
-0.1796202113411946
-0.43084660385631635
-0.08707282142437937
-0.1794446553559903
-0.024722955828934315
-0.06984027734172193
-0.18555419805221515
-0.00942932116362303
-0.10802998668335725
-0.16653775853372083
-0.3170266906704614
-0.09517176441864844
-0.16991263717559008
-0.3348035374486569
-0.1057591702594555
-0.17067484688267448
0.04452538057049009
-0.0994381302246766
-0.17067484688267448
0.04028949981958345
-0.09117901999905992
-0.1584978693422581
-0.10017558482484307
-0.09243744526024145
-0.1628876610538559
-0.16723832116359266
-0.07735146640553933
-0.16500000982400756
0.06679414762902003
-0.07606117743866332
-0.17088072195421014
0.12233417860159494
-0.08328594503328805
-0.13435941340731003
-0.008185551502583543
-0.06075470191215533
-0.14535452355758977
0.10070513981107368
-0.0933847599072605
-0.11706291429513889
0.10044261820295483
-0.081320468768577
-0.12619255487430742
0.10044744277534605
-0.04949430703589948
-0.13718766502458718
0.0799037902460381
-0.04429737553682876
-0.13718766502458718
0.08698342026246261
-0.09122073182352597
-0.10457113147615929
0.06428444824616049
-0.038543715122628525
-0.1343436426883267
0.043745620289243704
-0.08557718344989401
-0.09170120192713616
0.06445847126915576
-0.03970417665064056
-0.13041693001974966
0.04526776700865302
-0.09830209050390391
-0.07041380536438277
0.09144296933443967
-0.0772196861093964
-0.11939256408262018
0.07107504537019052
-0.07318982002076446
-0.049345925542021316
0.12252043105533537
-0.08295955096878929
-0.11786132984317053
0.09096764794049252
-0.009769730948024767
-0.06851540430114923
-0.03155278311484287
-0.035765141805236544
-0.08082203174824015
-0.04670831041471928
0.02108240439450749
-0.04897875871823742
-0.02036792396424915
-0.07909162146758547
-0.1102101087033944
0.07275672075524779
0.04587300679925348
-0.03871572809261348
-0.01919070426050274
0.05267701670089745
-0.029772511212167372
-0.020538827956916778
0.043890452871360966
-0.020124750729448238
-0.020538827956916778
-0.06790701472021086
-0.025599181477808507
-0.031537492745424237
-0.09910044122559485
-0.07208985770990749
-0.07730277168445313
-0.1558253438573151
-0.13474385329597538
-0.14684407144487321
-0.10251332289202221
-0.1087770712942643
-0.13065630935291278
-0.1523655712471322
-0.134949728367511
-0.15382864804075358
-0.044308144683398984
-0.10809428653303976
-0.14723890349301538
-0.15185849186958
-0.1273636583539864
-0.15250579185691115
-0.06363874749201366
-0.0660361204706527
-0.11148302974331611
-0.05672490263172029
-0.06265399558606786
-0.06954129976042003
-0.10817740108575236
-0.06693943939845053
-0.05788302666484774
-0.030733360464596748
-0.04618630877032382
0.11189074429818253
-0.13989989059250207
-0.10250580104523366
0.0610481909642754
-0.028949728583299063
-0.04850901546457544
0.12147545177596956
-0.13836417281685365
-0.10186870104321
0.07821004164955926
-0.028949728583299063
-0.04167910121439641
0.11769281729881458
-0.13768712900045543
-0.09308634756066701
0.09330433228034553
-0.022144651964331675
-0.0646167437800261
0.16091508342361388
-0.13088205238148803
-0.09308634756066701
0.1322594031614612
-0.019209259985877053
-0.061074329318885415
0.15998858315699907
-0.12794666040303343
-0.08734814049224131
0.12624729729648704
-0.003929564027600847
-0.005493168927276351
0.09539758684834929
-0.003929564027600847
-0.005493168927276351
0.12145652894904309
-0.003929564027600847
-0.005159957176050654
0.1554383697865527
-0.019230109866766584
-0.010101864255229867
0.38015628440731103
-0.019665731238279794
-0.012522896637249748
0.24734718546225812
-0.02315967389436743
-0.012522896637249748
0.6308053767880819
-0.02315967389436743
-0.012522896637249748
0.6353790585837324
-0.014697547747595437
-0.004489950872540387
0.019886272909491035
-0.01573616721067895
-0.010101864255229867
0.40892644872494155
-0.019665731238279794
-0.012522896637249748
0.5873679359055237
-0.019665731238279794
-0.012522896637249748
0.6178282591432501
-0.019665731238279794
-0.010101864255229867
0.2197165622367155
-0.019665731238279794
-0.010101864255229867
0.5943367609551216
-0.014697547747595437
-0.002068918490520506
-6.927220199084679e-05
-0.019665731238279794
-0.006168492062054031
0.5942114092961852
-0.004968183490684357
-0.00803294576470936
0.5892553686190511
-0.01569146687882254
-0.00803294576470936
0.610028610555025
-0.0054347543202162285
-0.0030058745605921543
0.4297824367502766
-0.0054347543202162285
-0.0058498968968526376
0.4296621046205388
-0.01076115509240232
-0.0058498968968526376
0.30737629965923075
-0.0054347543202162285
-0.00234647437563801
0.3958174422606679
-0.026363258710239833
-0.019924148561221773
0.17816787546888452
-0.04332647966234899
-0.02938807695515425
0.11946503116996704
-0.08780095982188388
-0.10277729343305612
0.09821097657932158
-0.004615932026454513
-0.0011970255264572315
0.24219332804473065
-0.005338083675098897
-0.0037064024357846394
0.21551159449545287
-0.101684424147145
-0.09116162137879884
0.14412141345973506
-0.0984547769458026
-0.09116162137879884
0.10978001995229311
0.0
-0.0011970255264572315
0.19167845625377716
-0.09492134970023645
-0.08115299662922193
0.10560629650422282
-0.06371509560132689
-0.05969323870956218
-0.05324673077134624
-0.07713900179671071
-0.06873051750458589
-0.07283894704453142
-0.09492134970023645
-0.0799559711027647
-0.08607215974955441
-0.06371509560132689
-0.05969323870956218
0.15468474502139862
-0.07713900179671071
-0.06873051750458589
0.12844381663440924
-0.03284635008198642
-0.042204954146776025
-0.04252853753860721
-0.0970684921206905
-0.08996459585234161
-0.09807191458499562
-0.03284635008198642
-0.042204954146776025
0.16540293825413765
-0.02961444934353363
-0.036109852144020155
-0.02533194369205983
-0.02961444934353363
-0.036109852144020155
0.1871302602898569
-0.01764978806503173
-0.016430548013431138
-0.01598488387406096
-0.09311669327070368
-0.0874552189430142
-0.1057315745431598
-0.01764978806503173
-0.016430548013431138
0.21313625551664145
-0.012074706257441043
-0.011937578344900892
0.013927580188570661
-0.012074706257441043
-0.011937578344900892
0.21847446267683474
-0.010340555649267226
-0.009798714981652879
0.04226247962317691
-0.06143770111164407
-0.08285314487183436
-0.07995689888956284
-0.010340555649267226
-0.009798714981652879
0.1771336837355874
-0.00415498135512534
-0.009798714981652879
0.03871258988473542
-0.00415498135512534
-0.009798714981652879
0.16156416658555528
-0.0036692410116335593
0.0
0.16187097707975256
-0.0036692410116335593
0.0
0.16187097707975256
0.03702309323174827
-0.010995110150279715
-0.013464022512883478
0.022531243121132846
-0.010995110150279715
-0.013464022512883478
0.013827553593520692
-0.0065021404817494684
-0.013068127477454788
0.0163762678215782
-0.007993060900354223
-0.013068127477454788
0.0022708164239018036
-0.004137088348953668
-0.013068127477454788
-0.0007724231499403619
-0.0007622097070843915
-0.008365154057583446
-0.014579991303837544
-0.0007622097070843915
-0.008365154057583446
0.0008799038012109689
-0.0029281121504284085
-0.008365154057583446
-0.049852248355110006
-0.026172657073246716
-0.023172338687840792
-0.09058817919795806
-0.06941331959733238
-0.07870210459703648
0.0035043850268299966
-0.003133987221964052
0.0
-0.15187070719666246
-0.12280384336241551
-0.13037930445675391
-0.06370956322806179
-0.023800931748420455
-0.02600305016281894
-0.08266144429481749
-0.0712002451774637
-0.07870210459703648
0.0006215951122981346
-0.004872653043619409
0.0
-0.15595714320827486
-0.11966985614045147
-0.1294742164759457
-0.10597188502891976
-0.11628935954772446
-0.1263737186261437
-0.09015999253104488
-0.10680033444279832
-0.1322982696409287
-0.05378557844133421
-0.02140420394887702
-0.02600305016281894
-0.07312645679002315
-0.0712002451774637
-0.07016263781068038
0.0009419317366328883
-0.004872653043619409
0.0
-0.08970390292862362
-0.08271793898339876
-0.1355491858640473
-0.08615427480606042
-0.0830764894607596
-0.10948854411026562
-0.08165193172575928
-0.0861728043362596
-0.10628768142402624
-0.04907568413391514
-0.019806551478926657
-0.017463583376462852
-0.04747172399351178
-0.09528132190512248
-0.12516976274872407
-0.03043490902958927
-0.08130015129264019
-0.11885899457786306
-0.013902964472705245
-0.0640271181971303
-0.11071476129823267
-0.08277617588284222
-0.07686705664701257
-0.10681171871499631
-0.0705642619858093
-0.0640271181971303
-0.11071476129823267
-0.03359441437894467
-0.010874813329162264
-0.013119087476312892
-0.05896212492927881
-0.05311951449487863
-0.056632750975773534
-0.005617161159612473
-0.06458587077902431
-0.0932852037271273
-0.00952083255754267
-0.061173048703344654
-0.08352766541219496
-0.014245640308624918
-0.05412491632926111
-0.06262233097469574
-0.014245640308624918
-0.05412491632926111
-0.06262233097469574
-0.009618020689331114
-0.010349551170692806
0.0
-0.04901105119214844
-0.04270924406336507
-0.033792937884500114
-0.014622257683480147
-0.05084991575559206
-0.05699993388024906
-0.02008177109543899
-0.04402527305760758
-0.0440704502679963
-0.015461986885912014
-0.03638547785343823
-0.03948392099961944
-0.015461986885912014
-0.03638547785343823
-0.03948392099961944
-0.09224757998021306
-0.09586892439203101
-0.10347116631312678
0.0007825048211843296
-0.01079765599387766
0.0
-0.02586502919873696
-0.03544288475104336
-0.02690324602646582
-0.013398536534395584
-0.03232461499896073
-0.03644703672939231
-0.01926309034750735
-0.027218603995050362
-0.03592971262239059
-0.03591832448728946
-0.06131373503452173
-0.10954613570122831
-0.033700491748927155
-0.05706050516808591
-0.08934813533853345
0.024073581821401985
-0.0502982353741824
-0.07040857793588208
-0.01046375040610789
-0.03367572188691477
-0.0440704502679963
-0.020045595168691685
-0.016420948001172702
-0.03592971262239059
-0.016946918113765978
-0.026282885359485593
-0.02685017682285631
-0.016946918113765978
-0.026282885359485593
-0.02685017682285631
-0.0612825279987044
-0.053390523765083124
-0.051677199859717415
-0.007498548236227554
-0.03560008926533462
-0.05359616504389221
-0.008525474935736261
-0.0149725591587959
-0.036125043613345814
0.05334496376966636
-0.011466356284145683
-0.03665245275135376
-0.10916653012790535
-0.05828612133130459
-0.047985420884472774
-0.10916653012790535
-0.056319492274909816
-0.05084255333390706
-0.10941444423355458
-0.05335968557863454
-0.043265410126410324
-0.10873740041715638
-0.051407246346270585
-0.02438848501846906
-0.10873740041715638
-0.0284696037806409
-0.028655680262152632
-0.10873740041715638
-0.026273811173355883
-0.03374128586051203
-0.11105473221301104
-0.01613538459898255
-0.0052668883638957425
-0.05912175614770621
-0.01613538459898255
-0.001203955877419569
-0.0657345807674172
-0.06901195340378802
0.12079952158696146
-0.0657345807674172
-0.06422901831612068
0.1039375268066367
-0.12239587828052131
-0.06877708498911105
0.1522737568982084
-0.12239587828052131
-0.06877708498911105
0.14125150915802076
-0.12239587828052131
-0.06591563852828801
0.1301699720545589
-0.12239587828052131
-0.06422901831612068
0.1261693032004715
-0.11538357942618845
-0.05982954178158706
0.08805635466426381
-0.11173647252992946
-0.051508387568691236
0.05750155869049374
-0.11173647252992946
-0.0510512493693895
0.054955733500962944
-0.11538357942618845
-0.06422901831612068
0.09357059966778616
-0.11173647252992946
-0.051508387568691236
0.08590089039744662
-0.11173647252992946
-0.054604702444191244
0.07594626525602564
-0.0632741221328151
-0.0526417003901285
0.14245546503544035
-0.05193297606530482
-0.050093953525339116
0.02525804795097858
-0.05193297606530482
-0.04594104002597821
0.03580567610932319
-0.05193297606530482
-0.050093953525339116
0.0533906834512303
-0.05193297606530482
-0.050093953525339116
0.03807790483217373
-0.011341146067510268
-0.0526417003901285
0.15754064526210415
0.0
-0.003212945403971972
0.03418189153029763
0.0
-0.003212945403971972
0.019752950603617724
0.0
0.0
-0.014428940926679913
0.0
-0.004152913499360906
0.0022722287228505427
0.0
0.0
0.028132635500251732
0.0
-0.0035534530748017445
0.020990531755062703
0.0
0.0
0.028399331706952895
0.0
-0.004399476534533626
0.005514245003522369
-0.003929564027600847
-0.002421032382019881
0.07325028889325087
-0.003929564027600847
-0.002421032382019881
0.050675891688157275
-0.003929564027600847
-0.002421032382019881
0.0435702830681718
0.0
0.0
0.06555290008214866
-0.010979823090156665
-0.0038220176864160217
0.6240027413946381
-0.006011639599472308
-0.002068918490520506
0.020484120019845307
-0.010979823090156665
-0.0038220176864160217
0.24895497685175347
-0.010979823090156665
-0.0038220176864160217
0.5163630347562905
-0.010979823090156665
-0.0038220176864160217
0.5515956040943955
-0.010979823090156665
-0.0038220176864160217
0.4720804082896922
-0.010979823090156665
-0.0038220176864160217
0.4355982646116694
-0.010979823090156665
-0.0038220176864160217
0.26529881089420093
-0.010979823090156665
-0.0038220176864160217
0.4453366708255186
-0.010979823090156665
-0.0038220176864160217
0.47825318480769885
-0.006011639599472308
-0.0017530991958955157
0.03597066680093545
-0.006011639599472308
-0.0017530991958955157
0.4406048190382438
-0.006011639599472308
0.0
0.4016982340606332
-0.006011639599472308
0.0
0.3910512392788595
-0.004968183490684357
-0.0017530991958955157
0.49587891473644574
-0.004968183490684357
-0.004099573571533526
0.5942806814981765
-0.0034939426560876364
0.0
0.3834581913258237
0.0
0.0
0.2783999757564636
0.0
0.0
0.4007546895830041
0.0
0.0
0.0665422855802498
0.0
0.0
0.3960233817428532
0.0
0.0
0.3294810961626036
0.0
0.0
0.4046341522373085
0.0
0.0
0.3746201987184062
0.0
0.0
0.18003785993131777
0.0
0.0
0.30264062724264257
0.0
0.0
0.2079314757927448
0.0
0.0
0.2079314757927448
0.0
0.0
0.20128276367894055
-0.022620284583828944
-0.025520623462347805
-0.014762592013778572
-0.018854187297787928
-0.025520623462347805
-0.01470952281016906
0.034388793508668275
-0.008140671692226995
-0.023206995995748943
0.0
0.0
0.022231776393834758
0.0
0.0
0.006172776518006727
0.0
0.0
-0.010646994781773566
0.0
0.0
0.31784136986999273
0.0
0.0
0.26195184698541923
0.0
0.0
0.26195184698541923
0.0
0.0
0.31784136986999273
0.0
0.0
0.1490079353794162
0.0
0.0
0.29091876217966545
0.0
0.0
0.18306941789354686
0.0
0.0
0.18306941789354686
0.0
0.0
0.040924055722734415
0.0
0.0
0.040924055722734415
0.0
0.0
0.14191082680024927
0.0
0.0
0.12235471382654073
0.0
0.0
0.20454688248826408
0.0
0.0
0.2291211393907024
0.0
0.0
0.21246220398191673
0.0
0.0
0.16187097707975256
0.0
0.0
0.12285157670081988
0.0
0.0
0.13487120411241055
0.0
0.0
0.16187097707975256
0.0
0.0
0.10280262455001053
0.0
0.0
0.10147958878539633
0.0
0.0
0.10147958878539633
0.0
0.0
0.10891032969120314
0.0
0.0
0.10280262455001053
0.0
0.0
0.10147958878539633
0.0
0.0
0.10147958878539633
0.0
0.0
0.10891032969120314
0.0
0.0
0.10526612834260692
0.0
0.0
0.11103654776491775
0.0
0.0
0.11497268226733338
0.0
0.0
0.10526612834260692
0.0
0.0
0.11103654776491775
0.0
0.0
0.11497268226733338
0.0
0.0
0.07422332349958498
0.0
0.0
0.07696577634208861
0.0
0.0
0.08073099428011525
0.0
0.0
0.07422332349958498
0.0
0.0
0.07696577634208861
0.0
0.0
0.08073099428011525
0.0
0.0
0.05209016080520498
0.0
0.0
0.0593983907573537
0.0
0.0
0.05697573615252359
0.0
0.0
0.0554057779478741
0.0
0.0
0.05209016080520498
0.0
0.0
0.0593983907573537
0.0
0.0
0.05697573615252359
0.0
0.0
0.0554057779478741
0.0
0.0
0.03026609812051689
0.0
0.0
0.03712108390568847
0.0
0.0
0.03352367847277248
0.0
0.0
0.03026609812051689
0.0
0.0
0.03712108390568847
0.0
0.0
0.03352367847277248
0.0
0.0
0.0
0.0
0.0
0.0
0.0
0.0
0.0
0.0
0.0
0.008686617614708356
0.0
0.0
0.0
0.0
0.0
0.0
0.0
0.0
0.0
0.0
0.0
0.016891581806663745
0.00010825243418267406
-0.0031173389391021544
0.0
-0.021821968419313297
-0.013323624201655875
-0.01340940525173309
-0.02193022085349597
-0.01020628526255372
-0.01340940525173309
-0.014279177709305525
-0.013323624201655875
-0.00813124876767219
-0.014279177709305525
-0.013323624201655875
-0.00813124876767219
0.01246649266434137
0.0031182697520826252
-0.009543790702926495
-0.05666129751310411
0.003096314875499999
0.009370450467597423
-0.05666129751310411
0.0
0.0
0.0
0.0
0.0
0.0
0.0
0.008204964191955391
0.0
0.0
0.0
-0.006469678118079294
-0.0061838800002457
-0.0037532525778681603
-0.006469678118079294
-0.0061838800002457
-0.0037532525778681603
-0.00588567890516142
-0.001140898317593333
0.0
-0.00588567890516142
-0.001140898317593333
0.0
0.003766097286041017
0.0
5.3069203609510535e-05
0.0
0.0
0.0
0.0
0.0
0.0
0.0
0.0
0.0
0.0
0.0
0.0
0.0
0.0
0.0
0.0
0.0
0.0
0.0
0.0
0.0
0.0
0.0
0.0
0.0
0.0
0.0
0.0
0.0
0.0
0.0
0.0
0.0
0.0
0.0
0.0
0.0
0.0
0.0
0.0
0.0
0.0
0.0
0.0
0.0
0.0
0.0
0.0
0.0
0.0
0.0
0.0
0.0
0.0
0.0
0.0
0.0
0.0
0.0
0.0
0.0
0.0
0.0
0.0
0.0
0.0
0.0
0.0
0.0
0.0
0.0
0.0
0.0
0.0
0.0
0.0
0.0
0.0
0.0
0.0
0.0
0.0
0.0
0.0
0.0
0.0
0.0
0.0
0.0
0.0
0.0
0.0
0.0
0.0
0.0
0.0
0.0
0.0
0.0
0.0
0.0
0.0
0.0
0.0
0.0
0.0
0.0
0.0
0.0
0.0
0.0
0.0
0.0
0.0
0.0
0.0
0.0
0.0
0.0
0.0
0.0
0.0
0.0
0.0
0.0
0.0
0.0
0.0
0.0
0.0
0.0
0.0
0.0
0.0
0.0
0.0
0.0
0.0
0.0
0.0
0.0
0.0
0.0
0.0
0.0
0.0
0.0
0.0
0.0
0.0
0.0
0.0
0.0
0.0
0.0
0.0
0.0
0.0
0.0
0.0
0.0
0.0
0.0
0.0
0.0
0.0
0.0
0.0
0.0
0.0
0.0
0.0
0.0
0.0
0.0
0.0
0.0
0.0
0.0
0.0
0.0
0.0
0.0
0.0
0.0
0.0
0.0
0.0
0.0
0.0
0.0
0.0
0.0
0.0
0.0
0.0
0.0
0.0
0.0
0.0
0.0
0.0
0.0
0.0
0.0
0.0
0.0
0.0
0.0
0.0
0.0
0.0
0.0
0.0
0.0
0.0
0.0
0.0
0.0
0.0
0.0
0.0
0.0
0.0
0.0
0.0
0.0
0.0
0.0
0.0
0.0
0.0
0.0
0.0
0.0
0.0
0.0
0.0
0.0
0.0
0.0
0.0
0.0
0.0
0.0
0.0
0.0
0.0
0.0
0.0
0.0
0.0
0.0
0.0
0.0
0.0
0.0
0.0
0.0
0.0
0.0
0.0
0.0
0.0
0.0
0.0
0.0
0.0
0.0
0.0
0.0
0.0
0.0
0.0
0.0
0.0
0.0
0.0
0.0
0.0
0.0
0.0
0.0
0.0
0.0
0.0
0.0
0.0
0.0
0.0
0.0
0.0
0.0
0.0
0.0
0.0
0.0
0.0
0.0
0.0
0.0
0.0
0.0
0.0
0.0
0.0
0.0
0.0
0.0
0.0
0.0
0.0
0.0
0.0
0.0
0.0
0.0
0.0
0.0
0.0
0.0
0.0
0.0
0.0
0.0
0.0
0.0
0.0
0.0
0.0
0.0
0.0
0.0
0.0
0.0
0.0
0.0
0.0
0.0
0.0
0.0
0.0
0.0
0.0
0.0
0.0
0.0
0.0
0.0
0.0
0.0
0.0
0.0
0.0
0.0
0.0
0.0
0.0
0.0
0.0
0.0
0.0
0.0
0.0
0.0
0.0
0.0
0.0
0.0
0.0
0.0
0.0
0.0
0.0
0.0
0.0
0.0
0.0
0.0
0.0
0.0
0.0
0.0
0.0
0.0
0.0
0.0
0.0
0.0
0.0
0.0
0.0
0.0
0.0
0.0
0.0
0.0
0.0
0.0
0.0
0.0
0.0
0.0
0.0
0.0
0.0
0.0
0.0
0.0
0.0
0.0
0.0
0.0
0.0
0.0
0.0
0.0
0.0
0.0
0.0
0.0
0.0
0.0
0.0
0.0
0.0
0.0
0.0
0.0
0.0
0.0
0.0
0.0
0.0
0.0
0.0
0.0
0.0
0.0
0.0
0.0
0.0
0.0
0.0
0.0
0.0
0.0
0.0
0.0
0.0
0.0
0.0
0.0
0.0
0.0
0.0
0.0
0.0
0.0
0.0
0.0
0.0
0.0
0.0
0.0
0.0
0.0
0.0
0.0
0.0
0.0
0.0
0.0
0.0
0.0
0.0
0.0
0.0
0.0
0.0
0.0
0.0
0.0
0.0
0.0
0.0
0.0
0.0
0.0
0.0
0.0
0.0
0.0
0.0
0.0
0.0
0.0
0.0
0.0
0.0
0.0
0.0
0.0
0.0
0.0
0.0
0.0
0.0
0.0
0.0
0.0
0.0
0.0
0.0
0.0
0.0
0.0
0.0
0.0
0.0
0.0
0.0
0.0
0.0
0.0
0.0
0.0
0.0
0.0
0.0
0.0
0.0
0.0
0.0
0.0
0.0
0.0
0.0
0.0
0.0
0.0
0.0
0.0
0.0
0.0
0.0
0.0
0.0
0.0
0.0
0.0
0.0
0.0
0.0
0.0
0.0
0.0
0.0
0.0
0.0
0.0
0.0
0.0
0.0
0.0
0.0
0.0
0.0
0.0
0.0
0.0
0.0
0.0
0.0
0.0
0.0
0.0
0.0
0.0
0.0
0.0
0.0
0.0
0.0
0.0
0.0
0.0
0.0
0.0
0.0
0.0
0.0
0.0
0.0
0.0
0.0
0.0
0.0
0.0
0.0
0.0
0.0
0.0
0.0
0.0
0.0
0.0
0.0
0.0
0.0
0.0
0.0
0.0
0.0
0.0
0.0
0.0
0.0
0.0
0.0
0.0
0.0
0.0
0.0
0.0
0.0
0.0
0.0
0.0
0.0
0.0
0.0
0.0
0.0
0.0
0.0
0.0
0.0
0.0
0.0
0.0
0.0
0.0
0.0
0.0
0.0
0.0
0.0
0.0
0.0
0.0
0.0
0.0
0.0
0.0
0.0
0.0
0.0
0.0
0.0
0.0
0.0
0.0
0.0
0.0
0.0
0.0
0.0
0.0
0.0
0.0
0.0
0.0
0.0
0.0
0.0
0.0
0.0
0.0
0.0
0.0
0.0
0.0
0.0
0.0
0.0
0.0
0.0
0.0
0.0
0.0
0.0
0.0
0.0
0.0
0.0
0.0
0.0
0.0
0.0
0.0
0.0
0.0
0.0
0.0
0.0
0.0
0.0
0.0
0.0
0.0
0.0
0.0
0.0
0.0
0.0
0.0
0.0
0.0
0.0
0.0
0.0
0.0
0.0
0.0
0.0
0.0
0.0
0.0
0.0
0.0
0.0
0.0
0.0
0.0
0.0
0.0
0.0
0.0
0.0
0.0
0.0
0.0
0.0
0.0
0.0
0.0
0.0
0.0
0.0
0.0
0.0
0.0
0.0
0.0
0.0
0.0
0.0
0.0
0.0
0.0
0.0
0.0
0.0
0.0
0.0
0.0
0.0
0.0
0.0
0.0
0.0
0.0
0.0
0.0
0.0
0.0
0.0
0.0
0.0
0.0
0.0
0.0
0.0
0.0
0.0
0.0
0.0
0.0
0.0
0.0
0.0
0.0
0.0
0.0
0.0
0.0
0.0
0.0
0.0
0.0
0.0
0.0
0.0
0.0
0.0
0.0
0.0
0.0
0.0
0.0
0.0
0.0
0.0
0.0
0.0
0.0
0.0
0.0
0.0
0.0
0.0
0.0
0.0
0.0
0.0
0.0
0.0
0.0
0.0
0.0
0.0
0.0
0.0
0.0
0.0
0.0
0.0
0.0
0.0
0.0
0.0
0.0
0.0
0.0
0.0
0.0
0.0
0.0
0.0
0.0
0.0
0.0
0.0
0.0
0.0
0.0
0.0
0.0
0.0
0.0
0.0
0.0
0.0
0.0
0.0
0.0
0.0
0.0
0.0
0.0
0.0
0.0
0.0
0.0
0.0
0.0
0.0
0.0
0.0
0.0
0.0
0.0
0.0
0.0
0.0
0.0
0.0
0.0
0.0
0.0
0.0
0.0
0.0
0.0
0.0
0.0
0.0
0.0
0.0
0.0
0.0
0.0
0.0
0.0
0.0
0.0
0.0
0.0
0.0
0.0
0.0
0.0
0.0
0.0
0.0
0.0
0.0
0.0
0.0
0.0
0.0
0.0
0.0
0.0
0.0
0.0
0.0
0.0
0.0
0.0
0.0
0.0
0.0
0.0
0.0
0.0
0.0
0.0
0.0
0.0
0.0
0.0
0.0
0.0
0.0
0.0
0.0
0.0
0.0
0.0
0.0
0.0
0.0
0.0
0.0
0.0
0.0
0.0
0.0
0.0
0.0
0.0
0.0
0.0
0.0
0.0
0.0
0.0
0.0
0.0
0.0
0.0
0.0
0.0
0.0
0.0
0.0
0.0
0.0
0.0
0.0
0.0
0.0
0.0
0.0
0.0
0.0
0.0
0.0
0.0
0.0
0.0
0.0
0.0
0.0
0.0
0.0
0.0
0.0
0.0
0.0
0.0
0.0
0.0
0.0
0.0
0.0
0.0
0.0
0.0
0.0
0.0
0.0
0.0
0.0
0.0
0.0
0.0
0.0
0.0
0.0
0.0
0.0
0.0
0.0
0.0
0.0
0.0
0.0
0.0
0.0
0.0
0.0
0.0
0.0
0.0
0.0
0.0
0.0
0.0
0.0
0.0
0.0
0.0
0.0
0.0
0.0
0.0
0.0
0.0
0.0
0.0
0.0
0.0
0.0
0.0
0.0
0.0
0.0
0.0
0.0
0.0
0.0
0.0
0.0
0.0
0.0
0.0
0.0
0.0
0.0
0.0
0.0
0.0
0.0
0.0
0.0
0.0
0.0
0.0
0.0
0.0
0.0
0.0
0.0
0.0
0.0
0.0
0.0
0.0
0.0
0.0
0.0
0.0
0.0
0.0
0.0
0.0
0.0
0.0
0.0
0.0
0.0
0.0
0.0
0.0
0.0
0.0
0.0
0.0
0.0
0.0
0.0
0.0
0.0
0.0
0.0
0.0
0.0
0.0
0.0
0.0
0.0
0.0
0.0
0.0
0.0
0.0
0.0
0.0
0.0
0.0
0.0
0.0
0.0
0.0
0.0
0.0
0.0
0.0
0.0
0.0
0.0
0.0
0.0
0.0
0.0
0.0
0.0
0.0
0.0
0.0
0.0
0.0
0.0
0.0
0.0
0.0
0.0
0.0
0.0
0.0
0.0
0.0
0.0
0.0
0.0
0.0
0.0
0.0
0.0
0.0
0.0
0.0
0.0
0.0
0.0
0.0
0.0
0.0
0.0
0.0
0.0
0.0
0.0
0.0
0.0
0.0
0.0
0.0
0.0
0.0
0.0
0.0
0.0
0.0
0.0
0.0
0.0
0.0
0.0
0.0
0.0
0.0
0.0
0.0
0.0
0.0
0.0
0.0
0.0
0.0
0.0
0.0
0.0
0.0
0.0
0.0
0.0
0.0
0.0
0.0
0.0
0.0
0.0
0.0
0.0
0.0
0.0
0.0
0.0
0.0
0.0
0.0
0.0
0.0
0.0
0.0
0.0
0.0
0.0
0.0
0.0
0.0
0.0
0.0
0.0
0.0
0.0
0.0
0.0
0.0
0.0
0.0
0.0
0.0
0.0
0.0
0.0
0.0
0.0
0.0
0.0
0.0
0.0
0.0
0.0
0.0
0.0
0.0
0.0
0.0
0.0
0.0
0.0
0.0
0.0
0.0
0.0
0.0
0.0
0.0
0.0
0.0
0.0
0.0
0.0
0.0
0.0
0.0
0.0
0.0
0.0
0.0
0.0
0.0
0.0
0.0
0.0
0.0
0.0
0.0
0.0
0.0
0.0
0.0
0.0
0.0
0.0
0.0
0.0
0.0
0.0
0.0
0.0
0.0
0.0
0.0
0.0
0.0
0.0
0.0
0.0
0.0
0.0
0.0
0.0
0.0
0.0
0.0
0.0
0.0
0.0
0.0
0.0
0.0
0.0
0.0
0.0
0.0
0.0
0.0
0.0
0.0
0.0
0.0
0.0
0.0
0.0
0.0
0.0
0.0
0.0
0.0
0.0
0.0
0.0
0.0
0.0
0.0
0.0
0.0
0.0
0.0
0.0
0.0
0.0
0.0
0.0
0.0
0.0
0.0
0.0
0.0
0.0
0.0
0.0
0.0
0.0
0.0
0.0
0.0
0.0
0.0
0.0
0.0
0.0
0.0
0.0
0.0
0.0
0.0
0.0
0.0
0.0
0.0
0.0
0.0
0.0
0.0
0.0
0.0
0.0
0.0
0.0
0.0
0.0
0.0
0.0
0.0
0.0
0.0
0.0
0.0
0.0
0.0
0.0
0.0
0.0
0.0
0.0
0.0
0.0
0.0
0.0
0.0
0.0
0.0
0.0
0.0
0.0
0.0
0.0
0.0
0.0
0.0
0.0
0.0
0.0
0.0
0.0
0.0
0.0
0.0
0.0
0.0
0.0
0.0
0.0
0.0
0.0
0.0
0.0
0.0
0.0
0.0
0.0
0.0
0.0
0.0
0.0
0.0
0.0
0.0
0.0
0.0
0.0
0.0
0.0
0.0
0.0
0.0
0.0
0.0
0.0
0.0
0.0
0.0
0.0
0.0
0.0
0.0
0.0
0.0
0.0
0.0
0.0
0.0
0.0
0.0
0.0
0.0
0.0
0.0
0.0
0.0
0.0
0.0
0.0
0.0
0.0
0.0
0.0
0.0
0.0
0.0
0.0
0.0
0.0
0.0
0.0
0.0
0.0
0.0
0.0
0.0
0.0
0.0
0.0
0.0
0.0
0.0
0.0
0.0
0.0
0.0
0.0
0.0
0.0
0.0
0.0
0.0
0.0
0.0
0.0
0.0
0.0
0.0
0.0
0.0
0.0
0.0
0.0
0.0
0.0
0.0
0.0
0.0
0.0
0.0
0.0
0.0
0.0
0.0
0.0
0.0
0.0
0.0
0.0
0.0
0.0
0.0
0.0
0.0
0.0
0.0
0.0
0.0
0.0
0.0
0.0
0.0
0.0
0.0
0.0
0.0
0.0
0.0
0.0
0.0
0.0
0.0
0.0
0.0
0.0
0.0
0.0
0.0
0.0
0.0
0.0
0.0
0.0
0.0
0.0
0.0
0.0
0.0
0.0
0.0
0.0
0.0
0.0
0.0
0.0
0.0
0.0
0.0
0.0
0.0
0.0
0.0
0.0
0.0
0.0
0.0
0.0
0.0
0.0
0.0
0.0
0.0
0.0
0.0
0.0
0.0
0.0
0.0
0.0
0.0
0.0
0.0
0.0
0.0
0.0
0.0
0.0
0.0
0.0
0.0
0.0
0.0
0.0
0.0
0.0
0.0
0.0
0.0
0.0
0.0
0.0
0.0
0.0
0.0
0.0
0.0
0.0
0.0
0.0
0.0
0.0
0.0
0.0
0.0
0.0
0.0
0.0
0.0
0.0
0.0
0.0
0.0
0.0
0.0
0.0
0.0
0.0
0.0
0.0
0.0
0.0
0.0
0.0
0.0
0.0
0.0
0.0
0.0
0.0
0.0
0.0
0.0
0.0
0.0
0.0
0.0
0.0
0.0
0.0
0.0
0.0
0.0
0.0
0.0
0.0
0.0
0.0
0.0
0.0
0.0
0.0
0.0
0.0
0.0
0.0
0.0
0.0
0.0
0.0
0.0
0.0
0.0
0.0
0.0
0.0
0.0
0.0
0.0
0.0
0.0
0.0
0.0
0.0
0.0
0.0
0.0
0.0
0.0
0.0
0.0
0.0
0.0
0.0
0.0
0.0
0.0
0.0
0.0
0.0
0.0
0.0
0.0
0.0
0.0
0.0
0.0
0.0
0.0
0.0
0.0
0.0
0.0
0.0
0.0
0.0
0.0
0.0
0.0
0.0
0.0
0.0
0.0
0.0
0.0
0.0
0.0
0.0
0.0
0.0
0.0
0.0
0.0
0.0
0.0
0.0
0.0
0.0
0.0
0.0
0.0
0.0
0.0
0.0
0.0
0.0
0.0
0.0
0.0
0.0
0.0
0.0
0.0
0.0
0.0
0.0
0.0
0.0
0.0
0.0
0.0
0.0
0.0
0.0
0.0
0.0
0.0
0.0
0.0
0.0
0.0
0.0
0.0
0.0
0.0
0.0
0.0
0.0
0.0
0.0
0.0
0.0
0.0
0.0
0.0
0.0
0.0
0.0
0.0
0.0
0.0
0.0
0.0
0.0
0.0
0.0
0.0
0.0
0.0
0.0
0.0
0.0
0.0
0.0
0.0
0.0
0.0
0.0
0.0
0.0
0.0
0.0
0.0
0.0
0.0
0.0
0.0
0.0
0.0
0.0
0.0
0.0
0.0
0.0
0.0
0.0
0.0
0.0
0.0
0.0
0.0
0.0
0.0
0.0
0.0
0.0
0.0
0.0
0.0
0.0
0.0
0.0
0.0
0.0
0.0
0.0
0.0
0.0
0.0
0.0
0.0
0.0
0.0
0.0
0.0
0.0
0.0
0.0
0.0
0.0
0.0
0.0
0.0
0.0
0.0
0.0
0.0
0.0
0.0
0.0
0.0
0.0
0.0
0.0
0.0
0.0
0.0
0.0
0.0
0.0
0.0
0.0
0.0
0.0
0.0
0.0
0.0
0.0
0.0
0.0
0.0
0.0
0.0
0.0
0.0
0.0
0.0
0.0
0.0
0.0
0.0
0.0
0.0
0.0
0.0
0.0
0.0
0.0
0.0
0.0
0.0
0.0
0.0
0.0
0.0
0.0
0.0
0.0
0.0
0.0
0.0
0.0
0.0
0.0
0.0
0.0
0.0
0.0
0.0
0.0
0.0
0.0
0.0
0.0
0.0
0.0
0.0
0.0
0.0
0.0
0.0
0.0
0.0
0.0
0.0
0.0
0.0
0.0
0.0
0.0
0.0
0.0
0.0
0.0
0.0
0.0
0.0
0.0
0.0
0.0
0.0
0.0
0.0
0.0
0.0
0.0
0.0
0.0
0.0
0.0
0.0
0.0
0.0
0.0
0.0
0.0
0.0
0.0
0.0
0.0
0.0
0.0
0.0
0.0
0.0
0.0
0.0
0.0
0.0
0.0
0.0
0.0
0.0
0.0
0.0
0.0
0.0
0.0
0.0
0.0
0.0
0.0
0.0
0.0
0.0
0.0
0.0
0.0
0.0
0.0
0.0
0.0
0.0
0.0
0.0
0.0
0.0
0.0
0.0
0.0
0.0
0.0
0.0
0.0
0.0
0.0
0.0
0.0
0.0
0.0
0.0
0.0
0.0
0.0
0.0
0.0
0.0
0.0
0.0
0.0
0.0
0.0
0.0
0.0
0.0
0.0
0.0
0.0
0.0
0.0
0.0
0.0
0.0
0.0
0.0
0.0
0.0
0.0
0.0
0.0
0.0
0.0
0.0
0.0
0.0
0.0
0.0
0.0
0.0
0.0
0.0
0.0
0.0
0.0
0.0
0.0
0.0
0.0
0.0
0.0
0.0
0.0
0.0
0.0
0.0
0.0
0.0
0.0
0.0
0.0
0.0
0.0
0.0
0.0
0.0
0.0
0.0
0.0
0.0
0.0
0.0
0.0
0.0
0.0
0.0
0.0
0.0
0.0
0.0
0.0
0.0
0.0
0.0
0.0
0.0
0.0
0.0
0.0
0.0
0.0
0.0
0.0
0.0
0.0
0.0
0.0
0.0
0.0
0.0
0.0
0.0
0.0
0.0
0.0
0.0
0.0
0.0
0.0
0.0
0.0
0.0
0.0
0.0
0.0
0.0
0.0
0.0
0.0
0.0
0.0
0.0
0.0
0.0
0.0
0.0
0.0
0.0
0.0
0.0
0.0
0.0
0.0
0.0
0.0
0.0
0.0
0.0
0.0
0.0
0.0
0.0
0.0
0.0
0.0
0.0
0.0
0.0
0.0
0.0
0.0
0.0
0.0
0.0
0.0
0.0
0.0
0.0
0.0
0.0
0.0
0.0
0.0
0.0
0.0
0.0
0.0
0.0
0.0
0.0
0.0
0.0
0.0
0.0
0.0
0.0
0.0
0.0
0.0
0.0
0.0
0.0
0.0
0.0
0.0
0.0
0.0
0.0
0.0
0.0
0.0
0.0
0.0
0.0
0.0
0.0
0.0
0.0
0.0
0.0
0.0
0.0
0.0
0.0
0.0
0.0
0.0
0.0
0.0
0.0
0.0
0.0
0.0
0.0
0.0
0.0
0.0
0.0
0.0
0.0
0.0
0.0
0.0
0.0
0.0
0.0
0.0
0.0
0.0
0.0
0.0
0.0
0.0
0.0
0.0
0.0
0.0
0.0
0.0
0.0
0.0
0.0
0.0
0.0
0.0
0.0
0.0
0.0
0.0
0.0
0.0
0.0
0.0
0.0
0.0
0.0
0.0
0.0
0.0
0.0
0.0
0.0
0.0
0.0
0.0
0.0
0.0
0.0
0.0
0.0
0.0
0.0
0.0
0.0
0.0
0.0
0.0
0.0
0.0
0.0
0.0
0.0
0.0
0.0
0.0
0.0
0.0
0.0
0.0
0.0
0.0
0.0
0.0
0.0
0.0
0.0
0.0
0.0
0.0
0.0
0.0
0.0
0.0
0.0
0.0
0.0
0.0
0.0
0.0
0.0
0.0
0.0
0.0
0.0
0.0
0.0
0.0
0.0
0.0
0.0
0.0
0.0
0.0
0.0
0.0
0.0
0.0
0.0
0.0
0.0
0.0
0.0
0.0
0.0
0.0
0.0
0.0
0.0
0.0
0.0
0.0
0.0
0.0
0.0
0.0
0.0
0.0
0.0
0.0
0.0
0.0
0.0
0.0
0.0
0.0
0.0
0.0
0.0
0.0
0.0
0.0
0.0
0.0
0.0
0.0
0.0
0.0
0.0
0.0
0.0
0.0
0.0
0.0
0.0
0.0
0.0
0.0
0.0
0.0
0.0
0.0
0.0
0.0
0.0
0.0
0.0
0.0
0.0
0.0
0.0
0.0
0.0
0.0
0.0
0.0
0.0
0.0
0.0
0.0
0.0
0.0
0.0
0.0
0.0
0.0
0.0
0.0
0.0
0.0
0.0
0.0
0.0
0.0
0.0
0.0
0.0
0.0
0.0
0.0
0.0
0.0
0.0
0.0
0.0
0.0
0.0
0.0
0.0
0.0
0.0
0.0
0.0
0.0
0.0
0.0
0.0
0.0
0.0
0.0
0.0
0.0
0.0
0.0
0.0
0.0
0.0
0.0
0.0
0.0
0.0
0.0
0.0
0.0
0.0
0.0
0.0
0.0
0.0
0.0
0.0
0.0
0.0
0.0
0.0
0.0
0.0
0.0
0.0
0.0
0.0
0.0
0.0
0.0
0.0
0.0
0.0
0.0
0.0
0.0
0.0
0.0
0.0
0.0
0.0
0.0
0.0
0.0
0.0
0.0
0.0
0.0
0.0
0.0
0.0
0.0
0.0
0.0
0.0
0.0
0.0
0.0
0.0
0.0
0.0
0.0
0.0
0.0
0.0
0.0
0.0
0.0
0.0
0.0
0.0
0.0
0.0
0.0
0.0
0.0
0.0
0.0
0.0
0.0
0.0
0.0
0.0
0.0
0.0
0.0
0.0
0.0
0.0
0.0
0.0
0.0
0.0
0.0
0.0
0.0
0.0
0.0
0.0
0.0
0.0
0.0
0.0
0.0
0.0
0.0
0.0
0.0
0.0
0.0
0.0
0.0
0.0
0.0
0.0
0.0
0.0
0.0
0.0
0.0
0.0
0.0
0.0
0.0
0.0
0.0
0.0
0.0
0.0
0.0
0.0
0.0
0.0
0.0
0.0
0.0
0.0
0.0
0.0
0.0
0.0
0.0
0.0
0.0
0.0
0.0
0.0
0.0
0.0
0.0
0.0
0.0
0.0
0.0
0.0
0.0
0.0
0.0
0.0
0.0
0.0
0.0
0.0
0.0
0.0
0.0
0.0
0.0
0.0
0.0
0.0
0.0
0.0
0.0
0.0
0.0
0.0
0.0
0.0
0.0
0.0
0.0
0.0
0.0
0.0
0.0
0.0
0.0
0.0
0.0
0.0
0.0
0.0
0.0
0.0
0.0
0.0
0.0
0.0
0.0
0.0
0.0
0.0
0.0
0.0
0.0
0.0
0.0
0.0
0.0
0.0
0.0
0.0
0.0
0.0
0.0
0.0
0.0
0.0
0.0
0.0
0.0
0.0
0.0
0.0
0.0
0.0
0.0
0.0
0.0
0.0
0.0
0.0
0.0
0.0
0.0
0.0
0.0
0.0
0.0
0.0
0.0
0.0
0.0
0.0
0.0
0.0
0.0
0.0
0.0
0.0
0.0
0.0
0.0
0.0
0.0
0.0
0.0
0.0
0.0
0.0
0.0
0.0
0.0
0.0
0.0
0.0
0.0
0.0
0.0
0.0
0.0
0.0
0.0
0.0
0.0
0.0
0.0
0.0
0.0
0.0
0.0
0.0
0.0
0.0
0.0
0.0
0.0
0.0
0.0
0.0
0.0
0.0
0.0
0.0
0.0
0.0
0.0
0.0
0.0
0.0
0.0
0.0
0.0
0.0
0.0
0.0
0.0
0.0
0.0
0.0
0.0
0.0
0.0
0.0
0.0
0.0
0.0
0.0
0.0
0.0
0.0
0.0
0.0
0.0
0.0
0.0
0.0
0.0
0.0
0.0
0.0
0.0
0.0
0.0
0.0
0.0
0.0
0.0
0.0
0.0
0.0
0.0
0.0
0.0
0.0
0.0
0.0
0.0
0.0
0.0
0.0
0.0
0.0
0.0
0.0
0.0
0.0
0.0
0.0
0.0
0.0
0.0
0.0
0.0
0.0
0.0
0.0
0.0
0.0
0.0
0.0
0.0
0.0
0.0
0.0
0.0
0.0
0.0
0.0
0.0
0.0
0.0
0.0
0.0
0.0
0.0
0.0
0.0
0.0
0.0
0.0
0.0
0.0
0.0
0.0
0.0
0.0
0.0
0.0
0.0
0.0
0.0
0.0
0.0
0.0
0.0
0.0
0.0
0.0
0.0
0.0
0.0
0.0
0.0
0.0
0.0
0.0
0.0
0.0
0.0
0.0
0.0
0.0
0.0
0.0
0.0
0.0
0.0
0.0
0.0
0.0
0.0
0.0
0.0
0.0
0.0
0.0
0.0
0.0
0.0
0.0
0.0
0.0
0.0
0.0
0.0
0.0
0.0
0.0
0.0
0.0
0.0
0.0
0.0
0.0
0.0
0.0
0.0
0.0
0.0
0.0
0.0
0.0
0.0
0.0
0.0
0.0
0.0
0.0
0.0
0.0
0.0
0.0
0.0
0.0
0.0
0.0
0.0
0.0
0.0
0.0
0.0
0.0
0.0
0.0
0.0
0.0
0.0
0.0
0.0
0.0
0.0
0.0
0.0
0.0
0.0
0.0
0.0
0.0
0.0
0.0
0.0
0.0
0.0
0.0
0.0
0.0
0.0
0.0
0.0
0.0
0.0
0.0
0.0
0.0
0.0
0.0
0.0
0.0
0.0
0.0
0.0
0.0
0.0
0.0
0.0
0.0
0.0
0.0
0.0
0.0
0.0
0.0
0.0
0.0
0.0
0.0
0.0
0.0
0.0
0.0
0.0
0.0
0.0
0.0
0.0
0.0
0.0
0.0
0.0
0.0
0.0
0.0
0.0
0.0
0.0
0.0
0.0
0.0
0.0
0.0
0.0
0.0
0.0
0.0
0.0
0.0
0.0
0.0
0.0
0.0
0.0
0.0
0.0
0.0
0.0
0.0
0.0
0.0
0.0
0.0
0.0
0.0
0.0
0.0
0.0
0.0
0.0
0.0
0.0
0.0
0.0
0.0
0.0
0.0
0.0
0.0
0.0
0.0
0.0
0.0
0.0
0.0
0.0
0.0
0.0
0.0
0.0
0.0
0.0
0.0
0.0
0.0
0.0
0.0
0.0
0.0
0.0
0.0
0.0
0.0
0.0
0.0
0.0
0.0
0.0
0.0
0.0
0.0
0.0
0.0
0.0
0.0
0.0
0.0
0.0
0.0
0.0
0.0
0.0
0.0
0.0
0.0
0.0
0.0
0.0
0.0
0.0
0.0
0.0
0.0
0.0
0.0
0.0
0.0
0.0
0.0
0.0
0.0
0.0
0.0
0.0
0.0
0.0
0.0
0.0
0.0
0.0
0.0
0.0
0.0
0.0
0.0
0.0
0.0
0.0
0.0
0.0
0.0
0.0
0.0
0.0
0.0
0.0
0.0
0.0
0.0
0.0
0.0
0.0
0.0
0.0
0.0
0.0
0.0
0.0
0.0
0.0
0.0
0.0
0.0
0.0
0.0
0.0
0.0
0.0
0.0
0.0
0.0
0.0
0.0
0.0
0.0
0.0
0.0
0.0
0.0
0.0
0.0
0.0
0.0
0.0
0.0
0.0
0.0
0.0
0.0
0.0
0.0
0.0
0.0
0.0
0.0
0.0
0.0
0.0
0.0
0.0
0.0
0.0
0.0
0.0
0.0
0.0
0.0
0.0
0.0
0.0
0.0
0.0
0.0
0.0
0.0
0.0
0.0
0.0
0.0
0.0
0.0
0.0
0.0
0.0
0.0
0.0
0.0
0.0
0.0
0.0
0.0
0.0
0.0
0.0
0.0
0.0
0.0
0.0
0.0
0.0
0.0
0.0
0.0
0.0
0.0
0.0
0.0
0.0
0.0
0.0
0.0
0.0
0.0
0.0
0.0
0.0
0.0
0.0
0.0
0.0
0.0
0.0
0.0
0.0
0.0
0.0
0.0
0.0
0.0
0.0
0.0
0.0
0.0
0.0
0.0
0.0
0.0
0.0
0.0
0.0
0.0
0.0
0.0
0.0
0.0
0.0
0.0
0.0
0.0
0.0
0.0
0.0
0.0
0.0
0.0
0.0
0.0
0.0
0.0
0.0
0.0
0.0
0.0
0.0
0.0
0.0
0.0
0.0
0.0
0.0
0.0
0.0
0.0
0.0
0.0
0.0
0.0
0.0
0.0
0.0
0.0
0.0
0.0
0.0
0.0
0.0
0.0
0.0
0.0
0.0
0.0
0.0
0.0
0.0
0.0
0.0
0.0
0.0
0.0
0.0
0.0
0.0
0.0
0.0
0.0
0.0
0.0
0.0
0.0
0.0
0.0
0.0
0.0
0.0
0.0
0.0
0.0
0.0
0.0
0.0
0.0
0.0
0.0
0.0
0.0
0.0
0.0
0.0
0.0
0.0
0.0
0.0
0.0
0.0
0.0
0.0
0.0
0.0
0.0
0.0
0.0
0.0
0.0
0.0
0.0
0.0
0.0
0.0
0.0
0.0
0.0
0.0
0.0
0.0
0.0
0.0
0.0
0.0
0.0
0.0
0.0
0.0
0.0
0.0
0.0
0.0
0.0
0.0
0.0
0.0
0.0
0.0
0.0
0.0
0.0
0.0
0.0
0.0
0.0
0.0
0.0
0.0
0.0
0.0
0.0
0.0
0.0
0.0
0.0
0.0
0.0
0.0
0.0
0.0
0.0
0.0
0.0
0.0
0.0
0.0
0.0
0.0
0.0
0.0
0.0
0.0
0.0
0.0
0.0
0.0
0.0
0.0
0.0
0.0
0.0
0.0
0.0
0.0
0.0
0.0
0.0
0.0
0.0
0.0
0.0
0.0
0.0
0.0
0.0
0.0
0.0
0.0
0.0
0.0
0.0
0.0
0.0
0.0
0.0
0.0
0.0
0.0
0.0
0.0
0.0
0.0
0.0
0.0
0.0
0.0
0.0
0.0
0.0
0.0
0.0
0.0
0.0
0.0
0.0
0.0
0.0
0.0
0.0
0.0
0.0
0.0
0.0
0.0
0.0
0.0
0.0
0.0
0.0
0.0
0.0
0.0
0.0
0.0
0.0
0.0
0.0
0.0
0.0
0.0
0.0
0.0
0.0
0.0
0.0
0.0
0.0
0.0
0.0
0.0
0.0
0.0
0.0
0.0
0.0
0.0
0.0
0.0
0.0
0.0
0.0
0.0
0.0
0.0
0.0
0.0
0.0
0.0
0.0
0.0
0.0
0.0
0.0
0.0
0.0
0.0
0.0
0.0
0.0
0.0
0.0
0.0
0.0
0.0
0.0
0.0
0.0
0.0
0.0
0.0
0.0
0.0
0.0
0.0
0.0
0.0
0.0
0.0
0.0
0.0
0.0
0.0
0.0
0.0
0.0
0.0
0.0
0.0
0.0
0.0
0.0
0.0
0.0
0.0
0.0
0.0
0.0
0.0
0.0
0.0
0.0
0.0
0.0
0.0
0.0
0.0
0.0
0.0
0.0
0.0
0.0
0.0
0.0
0.0
0.0
0.0
0.0
0.0
0.0
0.0
0.0
0.0
0.0
0.0
0.0
0.0
0.0
0.0
0.0
0.0
0.0
0.0
0.0
0.0
0.0
0.0
0.0
0.0
0.0
0.0
0.0
0.0
0.0
